[2021-02-26 09:36:39 INFO]: install::setup-logging ended
================
[2021-02-26 09:36:39 INFO]: install::start-up started
[2021-02-26 09:36:39 INFO]: install::decompress started
[2021-02-26 09:36:39 INFO]: install::decompress changing directory to db
[2021-02-26 09:36:39 INFO]: install::decompress decompress db/data_dump.tar.gz 
[2021-02-26 09:36:39 INFO]: install::decompress removing data_dump.tar.gz 
[2021-02-26 09:36:39 INFO]: install::decompress changing directory back
[2021-02-26 09:36:39 INFO]: install::decompress ended
================
[2021-02-26 09:36:39 INFO]: install::decompress build image
[2021-02-26 09:36:39 INFO]: install::decompress ended
================
[2021-02-26 09:44:17 INFO]: install::root-check started
[2021-02-26 09:44:17 INFO]: install::root-check ended
================
[2021-02-26 09:44:17 INFO]: install::docker-check started
[2021-02-26 09:44:17 INFO]: install::docker-check ended
================
[2021-02-26 09:44:17 INFO]: install::compress started
[2021-02-26 09:44:17 INFO]: install::compress changing directory to db
[2021-02-26 09:44:17 INFO]: install::compress compressing db/data_dump 
[2021-02-26 09:44:17 INFO]: install::compress removing data_dump 
[2021-02-26 09:44:17 INFO]: install::compress changing directory back
[2021-02-26 09:44:17 INFO]: install::compress ended
================
[2021-02-26 09:44:17 INFO]: install::compress started
[2021-02-26 09:44:17 INFO]: install::compress services removed
[2021-02-26 09:44:17 INFO]: install::compress ended
================
